# This file was automatically created by FeynRules 1.6.7
# Mathematica version: 9.0 for Mac OS X x86 (64-bit) (January 28, 2013)
# Date: Wed 23 Apr 2014 20:28:42


# 
# This is the logfile for the model Higgs_Portal

# Authors: N. Christensen, C. Duhr, B. Fuks
# Model version: 1.4.2
# Checking the Quantum numbers
   * Electric charge defined.
# Checking the Lagrangians
   * All Lagrangians are ok.
#
# Particle definitions
#

   * No particles removed. All particles correspond to GenInt setup.

# Automatically assigned PDG numbers
   * Assigned PDG number 9000001 to particle ghA
   * Assigned PDG number 9000002 to particle ghZ
   * Assigned PDG number 9000003 to particle ghWp
   * Assigned PDG number 9000004 to particle ghWm
   * Assigned PDG number 9000005 to particle ghG
   * Assigned PDG number 9000006 to particle dm


# Compulsory PDG codes:
   * Class SM leptons complete.
   * Class SM neutrinos complete.
   * Class SM quarks complete.
   * Class SM gauge bosons complete.
#
# Parameter definitions
#

   * Parameter gw has no value. Default value 1 assigned.
   * Parameter g1 has no value. Default value 1 assigned.


# Vertices
   * Calling FeynmanRules for 1 Lagrangians.
   * Number of classes vertices: 99
   * Number of flavored vertices: 169
   * Saved vertices in InterfaceRun[ 1 ].
   * Checked QNumber conservation.
      - Quantum number GhostNumber conserved in all vertices.
      - Quantum number LeptonNumber conserved in all vertices.
      - Quantum number Q conserved in all vertices.
      - Quantum number Y conserved in all vertices.
   * particles.py written.
   * parameters.py written.
#
# Vertex definitions
#

   * 169 vertices written.
   * vertices.py written.
#
# Lorentz structure definitions
#

   * 61 lorentz structures written.
   * lorentz.py written.
#
# Coupling definitions
#

   * 142 couplings written.
   * couplings.py written.
#
# Coupling order definitions
#

   * 0 couplings orders written.
   * coupling_orders.py written.
